<?xml version="1.0" encoding="UTF-8"?>
<!-- Generated by org.testng.reporters.JUnitXMLReporter -->
<testsuite hostname="W2707941HFG8X" ignored="0" name="EdgeTest" tests="5" failures="4" timestamp="06 Nov 2019 10:35:51 GMT" time="5.118" errors="0">
  <testcase name="@AfterTest closeBrowser" time="0.001" classname="com.test.MiniBA.ExecutionSet_1">
    <failure type="java.lang.NullPointerException">
      <![CDATA[java.lang.NullPointerException
	at com.test.MiniBA.ExecutionSet_1.closeBrowser(ExecutionSet_1.java:306)
... Removed 23 stack frames]]>
    </failure>
  </testcase> <!-- @AfterTest closeBrowser -->
  <testcase name="A_Welcome" time="0.02" classname="com.test.MiniBA.ExecutionSet_1">
    <failure type="java.lang.NullPointerException">
      <![CDATA[java.lang.NullPointerException
	at com.test.MiniBA.ExecutionSet_1.screenshot(ExecutionSet_1.java:325)
	at com.test.MiniBA.ExecutionSet_1.A_Welcome(ExecutionSet_1.java:127)
... Removed 25 stack frames]]>
    </failure>
  </testcase> <!-- A_Welcome -->
  <testcase name="B_SignORSignup" time="0.005" classname="com.test.MiniBA.ExecutionSet_1">
    <failure type="java.lang.NullPointerException">
      <![CDATA[java.lang.NullPointerException
	at com.test.MiniBA.ConfigFileReader.getusertype(ConfigFileReader.java:70)
	at com.test.MiniBA.ExecutionSet_1.B_SignORSignup(ExecutionSet_1.java:134)
... Removed 25 stack frames]]>
    </failure>
  </testcase> <!-- B_SignORSignup -->
  <testcase name="C_DashBoard" time="0.004" classname="com.test.MiniBA.ExecutionSet_1">
    <failure type="java.lang.NullPointerException">
      <![CDATA[java.lang.NullPointerException
	at com.test.MiniBA.ExecutionSet_1.screenshot(ExecutionSet_1.java:325)
	at com.test.MiniBA.ExecutionSet_1.C_DashBoard(ExecutionSet_1.java:224)
... Removed 25 stack frames]]>
    </failure>
  </testcase> <!-- C_DashBoard -->
  <testcase name="D_Subscription" time="0.012" classname="com.test.MiniBA.ExecutionSet_1">
    <failure type="java.lang.NullPointerException">
      <![CDATA[java.lang.NullPointerException
	at com.test.MiniBA.ExecutionSet_1.D_Subscription(ExecutionSet_1.java:272)
... Removed 25 stack frames]]>
    </failure>
  </testcase> <!-- D_Subscription -->
  <testcase name="E_SignOut" time="0.004" classname="com.test.MiniBA.ExecutionSet_1"/>
</testsuite> <!-- EdgeTest -->
