<?xml version="1.0" encoding="UTF-8"?>
<!-- Generated by org.testng.reporters.JUnitXMLReporter -->
<testsuite hostname="W2707941HFG8X" ignored="1" name="FirefoxTest" tests="3" failures="3" timestamp="07 Nov 2019 08:56:08 GMT" time="0.046" errors="0">
  <testcase name="A_Welcome" time="0.009" classname="com.test.MiniBA.ExecutionSet_1">
    <failure type="java.lang.NullPointerException">
      <![CDATA[java.lang.NullPointerException
	at com.test.MiniBA.ExecutionSet_1.screenshot(ExecutionSet_1.java:350)
	at com.test.MiniBA.ExecutionSet_1.A_Welcome(ExecutionSet_1.java:130)
... Removed 25 stack frames]]>
    </failure>
  </testcase> <!-- A_Welcome -->
  <testcase name="B_Signup" time="0.015" classname="com.test.MiniBA.ExecutionSet_1">
    <failure type="java.lang.NullPointerException">
      <![CDATA[java.lang.NullPointerException
	at com.test.MiniBA.ExecutionSet_1.B_Signup(ExecutionSet_1.java:139)
... Removed 25 stack frames]]>
    </failure>
  </testcase> <!-- B_Signup -->
  <testcase name="postEnrollment" time="0.006" classname="com.test.MiniBA.ExecutionSet_1">
    <failure type="java.lang.NullPointerException">
      <![CDATA[java.lang.NullPointerException
	at com.google.common.base.Preconditions.checkNotNull(Preconditions.java:882)
	at org.openqa.selenium.support.ui.FluentWait.<init>(FluentWait.java:104)
	at org.openqa.selenium.support.ui.WebDriverWait.<init>(WebDriverWait.java:71)
	at org.openqa.selenium.support.ui.WebDriverWait.<init>(WebDriverWait.java:45)
	at com.test.MiniBA.ExecutionSet_1.postEnrollment(ExecutionSet_1.java:205)
... Removed 25 stack frames]]>
    </failure>
  </testcase> <!-- postEnrollment -->
  <testcase name="B_SignIn" time="0.0" classname="com.test.MiniBA.ExecutionSet_1">
    <ignored/>
  </testcase> <!-- B_SignIn -->
</testsuite> <!-- FirefoxTest -->
