<?xml version="1.0" encoding="UTF-8"?>
<!-- Generated by org.testng.reporters.JUnitXMLReporter -->
<testsuite hostname="W2707941HFG8X" ignored="7" name="ChromeTest" tests="0" failures="0" timestamp="11 Dec 2019 05:45:34 GMT" time="4.328" errors="0">
  <testcase name="BF_Secure_Vpn" time="0.0" classname="com.test.MiniBA.ExecutionSet_1">
    <ignored/>
  </testcase> <!-- BF_Secure_Vpn -->
  <testcase name="BD_Device_Security" time="0.0" classname="com.test.MiniBA.ExecutionSet_1">
    <ignored/>
  </testcase> <!-- BD_Device_Security -->
  <testcase name="F_SignOut" time="0.0" classname="com.test.MiniBA.LifeLockServices">
    <ignored/>
  </testcase> <!-- F_SignOut -->
  <testcase name="BB_DashBoard_Alerts" time="0.0" classname="com.test.MiniBA.ExecutionSet_1">
    <ignored/>
  </testcase> <!-- BB_DashBoard_Alerts -->
  <testcase name="BE_Cloud_bakup" time="0.0" classname="com.test.MiniBA.ExecutionSet_1">
    <ignored/>
  </testcase> <!-- BE_Cloud_bakup -->
  <testcase name="BC_DashBoard_3PTiles" time="0.0" classname="com.test.MiniBA.ExecutionSet_1">
    <ignored/>
  </testcase> <!-- BC_DashBoard_3PTiles -->
  <testcase name="BG_Password_Manager" time="0.0" classname="com.test.MiniBA.ExecutionSet_1">
    <ignored/>
  </testcase> <!-- BG_Password_Manager -->
</testsuite> <!-- ChromeTest -->
