<?xml version="1.0" encoding="UTF-8"?>
<!-- Generated by org.testng.reporters.JUnitXMLReporter -->
<testsuite hostname="W2707941HFG8X" ignored="0" name="FirefoxTest" tests="9" failures="7" timestamp="20 Nov 2019 13:49:05 GMT" time="58.918" errors="0">
  <testcase name="A_SignUp" time="50.88" classname="com.test.MiniBA.ExecutionSet_1">
    <failure type="org.openqa.selenium.WebDriverException" message="Failed to convert data to an object
Build info: version: &amp;apos;3.12.0&amp;apos;, revision: &amp;apos;7c6e0b3&amp;apos;, time: &amp;apos;2018-05-08T14:04:26.12Z&amp;apos;
System info: host: &amp;apos;W2707941HFG8X&amp;apos;, ip: &amp;apos;10.184.42.227&amp;apos;, os.name: &amp;apos;Windows 10&amp;apos;, os.arch: &amp;apos;amd64&amp;apos;, os.version: &amp;apos;10.0&amp;apos;, java.version: &amp;apos;1.8.0_202&amp;apos;
Driver info: org.openqa.selenium.firefox.FirefoxDriver
Capabilities {acceptInsecureCerts: true, browserName: firefox, browserVersion: 68.2.0, javascriptEnabled: true, moz:accessibilityChecks: false, moz:buildID: 20191016163237, moz:geckodriverVersion: 0.26.0, moz:headless: false, moz:processID: 162392, moz:profile: C:\Users\rajaprabu_r\AppDat..., moz:shutdownTimeout: 60000, moz:useNonSpecCompliantPointerOrigin: false, moz:webdriverClick: true, pageLoadStrategy: normal, platform: WINDOWS, platformName: WINDOWS, platformVersion: 10.0, rotatable: false, setWindowRect: true, strictFileInteractability: false, timeouts: {implicit: 0, pageLoad: 300000, script: 30000}, unhandledPromptBehavior: dismiss and notify}
Session ID: 267a27ec-7f93-4446-a3ab-aac19065d6b0
*** Element info: {Using=id, value=registerToggleButton}">
      <![CDATA[org.openqa.selenium.WebDriverException: Failed to convert data to an object
Build info: version: '3.12.0', revision: '7c6e0b3', time: '2018-05-08T14:04:26.12Z'
System info: host: 'W2707941HFG8X', ip: '10.184.42.227', os.name: 'Windows 10', os.arch: 'amd64', os.version: '10.0', java.version: '1.8.0_202'
Driver info: org.openqa.selenium.firefox.FirefoxDriver
Capabilities {acceptInsecureCerts: true, browserName: firefox, browserVersion: 68.2.0, javascriptEnabled: true, moz:accessibilityChecks: false, moz:buildID: 20191016163237, moz:geckodriverVersion: 0.26.0, moz:headless: false, moz:processID: 162392, moz:profile: C:\Users\rajaprabu_r\AppDat..., moz:shutdownTimeout: 60000, moz:useNonSpecCompliantPointerOrigin: false, moz:webdriverClick: true, pageLoadStrategy: normal, platform: WINDOWS, platformName: WINDOWS, platformVersion: 10.0, rotatable: false, setWindowRect: true, strictFileInteractability: false, timeouts: {implicit: 0, pageLoad: 300000, script: 30000}, unhandledPromptBehavior: dismiss and notify}
Session ID: 267a27ec-7f93-4446-a3ab-aac19065d6b0
*** Element info: {Using=id, value=registerToggleButton}
	at org.openqa.selenium.remote.http.W3CHttpResponseCodec.createException(W3CHttpResponseCodec.java:187)
	at org.openqa.selenium.remote.http.W3CHttpResponseCodec.decode(W3CHttpResponseCodec.java:122)
	at org.openqa.selenium.remote.http.W3CHttpResponseCodec.decode(W3CHttpResponseCodec.java:49)
	at org.openqa.selenium.remote.HttpCommandExecutor.execute(HttpCommandExecutor.java:158)
	at org.openqa.selenium.remote.service.DriverCommandExecutor.execute(DriverCommandExecutor.java:83)
	at org.openqa.selenium.remote.RemoteWebDriver.execute(RemoteWebDriver.java:543)
	at org.openqa.selenium.remote.RemoteWebDriver.findElement(RemoteWebDriver.java:317)
	at org.openqa.selenium.remote.RemoteWebDriver.findElementById(RemoteWebDriver.java:363)
	at org.openqa.selenium.By$ById.findElement(By.java:188)
	at org.openqa.selenium.remote.RemoteWebDriver.findElement(RemoteWebDriver.java:309)
	at com.test.MiniBA.ExecutionSet_1.A_SignUp(ExecutionSet_1.java:154)
... Removed 29 stack frames]]>
    </failure>
  </testcase> <!-- A_SignUp -->
  <testcase name="BA_DashBoard" time="1.64" classname="com.test.MiniBA.ExecutionSet_1">
    <failure type="java.lang.AssertionError" message="org.openqa.selenium.WebDriverException: Failed to decode response from marionette
Build info: version: &amp;apos;3.12.0&amp;apos;, revision: &amp;apos;7c6e0b3&amp;apos;, time: &amp;apos;2018-05-08T14:04:26.12Z&amp;apos;
System info: host: &amp;apos;W2707941HFG8X&amp;apos;, ip: &amp;apos;10.184.42.227&amp;apos;, os.name: &amp;apos;Windows 10&amp;apos;, os.arch: &amp;apos;amd64&amp;apos;, os.version: &amp;apos;10.0&amp;apos;, java.version: &amp;apos;1.8.0_202&amp;apos;
Driver info: org.openqa.selenium.firefox.FirefoxDriver
Capabilities {acceptInsecureCerts: true, browserName: firefox, browserVersion: 68.2.0, javascriptEnabled: true, moz:accessibilityChecks: false, moz:buildID: 20191016163237, moz:geckodriverVersion: 0.26.0, moz:headless: false, moz:processID: 162392, moz:profile: C:\Users\rajaprabu_r\AppDat..., moz:shutdownTimeout: 60000, moz:useNonSpecCompliantPointerOrigin: false, moz:webdriverClick: true, pageLoadStrategy: normal, platform: WINDOWS, platformName: WINDOWS, platformVersion: 10.0, rotatable: false, setWindowRect: true, strictFileInteractability: false, timeouts: {implicit: 0, pageLoad: 300000, script: 30000}, unhandledPromptBehavior: dismiss and notify}
Session ID: 267a27ec-7f93-4446-a3ab-aac19065d6b0
*** Element info: {Using=id, value=interstitialButton}">
      <![CDATA[java.lang.AssertionError: org.openqa.selenium.WebDriverException: Failed to decode response from marionette
Build info: version: '3.12.0', revision: '7c6e0b3', time: '2018-05-08T14:04:26.12Z'
System info: host: 'W2707941HFG8X', ip: '10.184.42.227', os.name: 'Windows 10', os.arch: 'amd64', os.version: '10.0', java.version: '1.8.0_202'
Driver info: org.openqa.selenium.firefox.FirefoxDriver
Capabilities {acceptInsecureCerts: true, browserName: firefox, browserVersion: 68.2.0, javascriptEnabled: true, moz:accessibilityChecks: false, moz:buildID: 20191016163237, moz:geckodriverVersion: 0.26.0, moz:headless: false, moz:processID: 162392, moz:profile: C:\Users\rajaprabu_r\AppDat..., moz:shutdownTimeout: 60000, moz:useNonSpecCompliantPointerOrigin: false, moz:webdriverClick: true, pageLoadStrategy: normal, platform: WINDOWS, platformName: WINDOWS, platformVersion: 10.0, rotatable: false, setWindowRect: true, strictFileInteractability: false, timeouts: {implicit: 0, pageLoad: 300000, script: 30000}, unhandledPromptBehavior: dismiss and notify}
Session ID: 267a27ec-7f93-4446-a3ab-aac19065d6b0
*** Element info: {Using=id, value=interstitialButton}
	at com.test.MiniBA.ExecutionSet_1.BA_DashBoard(ExecutionSet_1.java:292)
... Removed 26 stack frames]]>
    </failure>
  </testcase> <!-- BA_DashBoard -->
  <testcase name="BB_Alerts" time="0.003" classname="com.test.MiniBA.ExecutionSet_1">
    <failure type="java.lang.AssertionError" message="org.openqa.selenium.NoSuchSessionException: Tried to run command without establishing a connection
Build info: version: &amp;apos;3.12.0&amp;apos;, revision: &amp;apos;7c6e0b3&amp;apos;, time: &amp;apos;2018-05-08T14:04:26.12Z&amp;apos;
System info: host: &amp;apos;W2707941HFG8X&amp;apos;, ip: &amp;apos;10.184.42.227&amp;apos;, os.name: &amp;apos;Windows 10&amp;apos;, os.arch: &amp;apos;amd64&amp;apos;, os.version: &amp;apos;10.0&amp;apos;, java.version: &amp;apos;1.8.0_202&amp;apos;
Driver info: org.openqa.selenium.firefox.FirefoxDriver
Capabilities {acceptInsecureCerts: true, browserName: firefox, browserVersion: 68.2.0, javascriptEnabled: true, moz:accessibilityChecks: false, moz:buildID: 20191016163237, moz:geckodriverVersion: 0.26.0, moz:headless: false, moz:processID: 162392, moz:profile: C:\Users\rajaprabu_r\AppDat..., moz:shutdownTimeout: 60000, moz:useNonSpecCompliantPointerOrigin: false, moz:webdriverClick: true, pageLoadStrategy: normal, platform: WINDOWS, platformName: WINDOWS, platformVersion: 10.0, rotatable: false, setWindowRect: true, strictFileInteractability: false, timeouts: {implicit: 0, pageLoad: 300000, script: 30000}, unhandledPromptBehavior: dismiss and notify}
Session ID: 267a27ec-7f93-4446-a3ab-aac19065d6b0
*** Element info: {Using=xpath, value=/html/body/div[2]/div[3]/app-boot/dashboard/div/span/hero/div/nor-hero/div/div/span/hero-card/div}">
      <![CDATA[java.lang.AssertionError: org.openqa.selenium.NoSuchSessionException: Tried to run command without establishing a connection
Build info: version: '3.12.0', revision: '7c6e0b3', time: '2018-05-08T14:04:26.12Z'
System info: host: 'W2707941HFG8X', ip: '10.184.42.227', os.name: 'Windows 10', os.arch: 'amd64', os.version: '10.0', java.version: '1.8.0_202'
Driver info: org.openqa.selenium.firefox.FirefoxDriver
Capabilities {acceptInsecureCerts: true, browserName: firefox, browserVersion: 68.2.0, javascriptEnabled: true, moz:accessibilityChecks: false, moz:buildID: 20191016163237, moz:geckodriverVersion: 0.26.0, moz:headless: false, moz:processID: 162392, moz:profile: C:\Users\rajaprabu_r\AppDat..., moz:shutdownTimeout: 60000, moz:useNonSpecCompliantPointerOrigin: false, moz:webdriverClick: true, pageLoadStrategy: normal, platform: WINDOWS, platformName: WINDOWS, platformVersion: 10.0, rotatable: false, setWindowRect: true, strictFileInteractability: false, timeouts: {implicit: 0, pageLoad: 300000, script: 30000}, unhandledPromptBehavior: dismiss and notify}
Session ID: 267a27ec-7f93-4446-a3ab-aac19065d6b0
*** Element info: {Using=xpath, value=/html/body/div[2]/div[3]/app-boot/dashboard/div/span/hero/div/nor-hero/div/div/span/hero-card/div}
	at com.test.MiniBA.ExecutionSet_1.BB_Alerts(ExecutionSet_1.java:319)
... Removed 26 stack frames]]>
    </failure>
  </testcase> <!-- BB_Alerts -->
  <testcase name="BC_3P_Tiles" time="0.004" classname="com.test.MiniBA.ExecutionSet_1">
    <failure type="java.lang.AssertionError" message="org.openqa.selenium.NoSuchSessionException: Tried to run command without establishing a connection
Build info: version: &amp;apos;3.12.0&amp;apos;, revision: &amp;apos;7c6e0b3&amp;apos;, time: &amp;apos;2018-05-08T14:04:26.12Z&amp;apos;
System info: host: &amp;apos;W2707941HFG8X&amp;apos;, ip: &amp;apos;10.184.42.227&amp;apos;, os.name: &amp;apos;Windows 10&amp;apos;, os.arch: &amp;apos;amd64&amp;apos;, os.version: &amp;apos;10.0&amp;apos;, java.version: &amp;apos;1.8.0_202&amp;apos;
Driver info: org.openqa.selenium.firefox.FirefoxDriver
Capabilities {acceptInsecureCerts: true, browserName: firefox, browserVersion: 68.2.0, javascriptEnabled: true, moz:accessibilityChecks: false, moz:buildID: 20191016163237, moz:geckodriverVersion: 0.26.0, moz:headless: false, moz:processID: 162392, moz:profile: C:\Users\rajaprabu_r\AppDat..., moz:shutdownTimeout: 60000, moz:useNonSpecCompliantPointerOrigin: false, moz:webdriverClick: true, pageLoadStrategy: normal, platform: WINDOWS, platformName: WINDOWS, platformVersion: 10.0, rotatable: false, setWindowRect: true, strictFileInteractability: false, timeouts: {implicit: 0, pageLoad: 300000, script: 30000}, unhandledPromptBehavior: dismiss and notify}
Session ID: 267a27ec-7f93-4446-a3ab-aac19065d6b0
*** Element info: {Using=id, value=partnertiles}">
      <![CDATA[java.lang.AssertionError: org.openqa.selenium.NoSuchSessionException: Tried to run command without establishing a connection
Build info: version: '3.12.0', revision: '7c6e0b3', time: '2018-05-08T14:04:26.12Z'
System info: host: 'W2707941HFG8X', ip: '10.184.42.227', os.name: 'Windows 10', os.arch: 'amd64', os.version: '10.0', java.version: '1.8.0_202'
Driver info: org.openqa.selenium.firefox.FirefoxDriver
Capabilities {acceptInsecureCerts: true, browserName: firefox, browserVersion: 68.2.0, javascriptEnabled: true, moz:accessibilityChecks: false, moz:buildID: 20191016163237, moz:geckodriverVersion: 0.26.0, moz:headless: false, moz:processID: 162392, moz:profile: C:\Users\rajaprabu_r\AppDat..., moz:shutdownTimeout: 60000, moz:useNonSpecCompliantPointerOrigin: false, moz:webdriverClick: true, pageLoadStrategy: normal, platform: WINDOWS, platformName: WINDOWS, platformVersion: 10.0, rotatable: false, setWindowRect: true, strictFileInteractability: false, timeouts: {implicit: 0, pageLoad: 300000, script: 30000}, unhandledPromptBehavior: dismiss and notify}
Session ID: 267a27ec-7f93-4446-a3ab-aac19065d6b0
*** Element info: {Using=id, value=partnertiles}
	at com.test.MiniBA.ExecutionSet_1.BC_3P_Tiles(ExecutionSet_1.java:346)
... Removed 26 stack frames]]>
    </failure>
  </testcase> <!-- BC_3P_Tiles -->
  <testcase name="CA_postEnrollment" time="0.004" classname="com.test.MiniBA.ExecutionSet_1">
    <failure type="org.openqa.selenium.NoSuchSessionException" message="Tried to run command without establishing a connection
Build info: version: &amp;apos;3.12.0&amp;apos;, revision: &amp;apos;7c6e0b3&amp;apos;, time: &amp;apos;2018-05-08T14:04:26.12Z&amp;apos;
System info: host: &amp;apos;W2707941HFG8X&amp;apos;, ip: &amp;apos;10.184.42.227&amp;apos;, os.name: &amp;apos;Windows 10&amp;apos;, os.arch: &amp;apos;amd64&amp;apos;, os.version: &amp;apos;10.0&amp;apos;, java.version: &amp;apos;1.8.0_202&amp;apos;
Driver info: org.openqa.selenium.firefox.FirefoxDriver
Capabilities {acceptInsecureCerts: true, browserName: firefox, browserVersion: 68.2.0, javascriptEnabled: true, moz:accessibilityChecks: false, moz:buildID: 20191016163237, moz:geckodriverVersion: 0.26.0, moz:headless: false, moz:processID: 162392, moz:profile: C:\Users\rajaprabu_r\AppDat..., moz:shutdownTimeout: 60000, moz:useNonSpecCompliantPointerOrigin: false, moz:webdriverClick: true, pageLoadStrategy: normal, platform: WINDOWS, platformName: WINDOWS, platformVersion: 10.0, rotatable: false, setWindowRect: true, strictFileInteractability: false, timeouts: {implicit: 0, pageLoad: 300000, script: 30000}, unhandledPromptBehavior: dismiss and notify}
Session ID: 267a27ec-7f93-4446-a3ab-aac19065d6b0
*** Element info: {Using=id, value=Identity_cta}">
      <![CDATA[org.openqa.selenium.NoSuchSessionException: Tried to run command without establishing a connection
Build info: version: '3.12.0', revision: '7c6e0b3', time: '2018-05-08T14:04:26.12Z'
System info: host: 'W2707941HFG8X', ip: '10.184.42.227', os.name: 'Windows 10', os.arch: 'amd64', os.version: '10.0', java.version: '1.8.0_202'
Driver info: org.openqa.selenium.firefox.FirefoxDriver
Capabilities {acceptInsecureCerts: true, browserName: firefox, browserVersion: 68.2.0, javascriptEnabled: true, moz:accessibilityChecks: false, moz:buildID: 20191016163237, moz:geckodriverVersion: 0.26.0, moz:headless: false, moz:processID: 162392, moz:profile: C:\Users\rajaprabu_r\AppDat..., moz:shutdownTimeout: 60000, moz:useNonSpecCompliantPointerOrigin: false, moz:webdriverClick: true, pageLoadStrategy: normal, platform: WINDOWS, platformName: WINDOWS, platformVersion: 10.0, rotatable: false, setWindowRect: true, strictFileInteractability: false, timeouts: {implicit: 0, pageLoad: 300000, script: 30000}, unhandledPromptBehavior: dismiss and notify}
Session ID: 267a27ec-7f93-4446-a3ab-aac19065d6b0
*** Element info: {Using=id, value=Identity_cta}
	at org.openqa.selenium.remote.http.W3CHttpResponseCodec.createException(W3CHttpResponseCodec.java:187)
	at org.openqa.selenium.remote.http.W3CHttpResponseCodec.decode(W3CHttpResponseCodec.java:122)
	at org.openqa.selenium.remote.http.W3CHttpResponseCodec.decode(W3CHttpResponseCodec.java:49)
	at org.openqa.selenium.remote.HttpCommandExecutor.execute(HttpCommandExecutor.java:158)
	at org.openqa.selenium.remote.service.DriverCommandExecutor.execute(DriverCommandExecutor.java:83)
	at org.openqa.selenium.remote.RemoteWebDriver.execute(RemoteWebDriver.java:543)
	at org.openqa.selenium.remote.RemoteWebDriver.findElements(RemoteWebDriver.java:344)
	at org.openqa.selenium.remote.RemoteWebDriver.findElementsById(RemoteWebDriver.java:367)
	at org.openqa.selenium.By$ById.findElements(By.java:180)
	at org.openqa.selenium.remote.RemoteWebDriver.findElements(RemoteWebDriver.java:305)
	at com.test.MiniBA.ExecutionSet_1.CA_postEnrollment(ExecutionSet_1.java:353)
... Removed 29 stack frames]]>
    </failure>
  </testcase> <!-- CA_postEnrollment -->
  <testcase name="BD_Download" time="0.005" classname="com.test.MiniBA.ExecutionSet_1">
    <failure type="java.lang.AssertionError" message="org.openqa.selenium.NoSuchSessionException: Tried to run command without establishing a connection
Build info: version: &amp;apos;3.12.0&amp;apos;, revision: &amp;apos;7c6e0b3&amp;apos;, time: &amp;apos;2018-05-08T14:04:26.12Z&amp;apos;
System info: host: &amp;apos;W2707941HFG8X&amp;apos;, ip: &amp;apos;10.184.42.227&amp;apos;, os.name: &amp;apos;Windows 10&amp;apos;, os.arch: &amp;apos;amd64&amp;apos;, os.version: &amp;apos;10.0&amp;apos;, java.version: &amp;apos;1.8.0_202&amp;apos;
Driver info: org.openqa.selenium.firefox.FirefoxDriver
Capabilities {acceptInsecureCerts: true, browserName: firefox, browserVersion: 68.2.0, javascriptEnabled: true, moz:accessibilityChecks: false, moz:buildID: 20191016163237, moz:geckodriverVersion: 0.26.0, moz:headless: false, moz:processID: 162392, moz:profile: C:\Users\rajaprabu_r\AppDat..., moz:shutdownTimeout: 60000, moz:useNonSpecCompliantPointerOrigin: false, moz:webdriverClick: true, pageLoadStrategy: normal, platform: WINDOWS, platformName: WINDOWS, platformVersion: 10.0, rotatable: false, setWindowRect: true, strictFileInteractability: false, timeouts: {implicit: 0, pageLoad: 300000, script: 30000}, unhandledPromptBehavior: dismiss and notify}
Session ID: 267a27ec-7f93-4446-a3ab-aac19065d6b0
*** Element info: {Using=id, value=subscriptioninfo_download}">
      <![CDATA[java.lang.AssertionError: org.openqa.selenium.NoSuchSessionException: Tried to run command without establishing a connection
Build info: version: '3.12.0', revision: '7c6e0b3', time: '2018-05-08T14:04:26.12Z'
System info: host: 'W2707941HFG8X', ip: '10.184.42.227', os.name: 'Windows 10', os.arch: 'amd64', os.version: '10.0', java.version: '1.8.0_202'
Driver info: org.openqa.selenium.firefox.FirefoxDriver
Capabilities {acceptInsecureCerts: true, browserName: firefox, browserVersion: 68.2.0, javascriptEnabled: true, moz:accessibilityChecks: false, moz:buildID: 20191016163237, moz:geckodriverVersion: 0.26.0, moz:headless: false, moz:processID: 162392, moz:profile: C:\Users\rajaprabu_r\AppDat..., moz:shutdownTimeout: 60000, moz:useNonSpecCompliantPointerOrigin: false, moz:webdriverClick: true, pageLoadStrategy: normal, platform: WINDOWS, platformName: WINDOWS, platformVersion: 10.0, rotatable: false, setWindowRect: true, strictFileInteractability: false, timeouts: {implicit: 0, pageLoad: 300000, script: 30000}, unhandledPromptBehavior: dismiss and notify}
Session ID: 267a27ec-7f93-4446-a3ab-aac19065d6b0
*** Element info: {Using=id, value=subscriptioninfo_download}
	at com.test.MiniBA.ExecutionSet_1.BD_Download(ExecutionSet_1.java:428)
... Removed 26 stack frames]]>
    </failure>
  </testcase> <!-- BD_Download -->
  <testcase name="CB_ID_Theft_Dashboard" time="0.004" classname="com.test.MiniBA.ExecutionSet_1"/>
  <testcase name="BE_Device_Security" time="0.0" classname="com.test.MiniBA.ExecutionSet_1"/>
  <testcase name="D_Subscription" time="0.005" classname="com.test.MiniBA.ExecutionSet_1">
    <failure type="org.openqa.selenium.NoSuchSessionException" message="Tried to run command without establishing a connection
Build info: version: &amp;apos;3.12.0&amp;apos;, revision: &amp;apos;7c6e0b3&amp;apos;, time: &amp;apos;2018-05-08T14:04:26.12Z&amp;apos;
System info: host: &amp;apos;W2707941HFG8X&amp;apos;, ip: &amp;apos;10.184.42.227&amp;apos;, os.name: &amp;apos;Windows 10&amp;apos;, os.arch: &amp;apos;amd64&amp;apos;, os.version: &amp;apos;10.0&amp;apos;, java.version: &amp;apos;1.8.0_202&amp;apos;
Driver info: org.openqa.selenium.firefox.FirefoxDriver
Capabilities {acceptInsecureCerts: true, browserName: firefox, browserVersion: 68.2.0, javascriptEnabled: true, moz:accessibilityChecks: false, moz:buildID: 20191016163237, moz:geckodriverVersion: 0.26.0, moz:headless: false, moz:processID: 162392, moz:profile: C:\Users\rajaprabu_r\AppDat..., moz:shutdownTimeout: 60000, moz:useNonSpecCompliantPointerOrigin: false, moz:webdriverClick: true, pageLoadStrategy: normal, platform: WINDOWS, platformName: WINDOWS, platformVersion: 10.0, rotatable: false, setWindowRect: true, strictFileInteractability: false, timeouts: {implicit: 0, pageLoad: 300000, script: 30000}, unhandledPromptBehavior: dismiss and notify}
Session ID: 267a27ec-7f93-4446-a3ab-aac19065d6b0">
      <![CDATA[org.openqa.selenium.NoSuchSessionException: Tried to run command without establishing a connection
Build info: version: '3.12.0', revision: '7c6e0b3', time: '2018-05-08T14:04:26.12Z'
System info: host: 'W2707941HFG8X', ip: '10.184.42.227', os.name: 'Windows 10', os.arch: 'amd64', os.version: '10.0', java.version: '1.8.0_202'
Driver info: org.openqa.selenium.firefox.FirefoxDriver
Capabilities {acceptInsecureCerts: true, browserName: firefox, browserVersion: 68.2.0, javascriptEnabled: true, moz:accessibilityChecks: false, moz:buildID: 20191016163237, moz:geckodriverVersion: 0.26.0, moz:headless: false, moz:processID: 162392, moz:profile: C:\Users\rajaprabu_r\AppDat..., moz:shutdownTimeout: 60000, moz:useNonSpecCompliantPointerOrigin: false, moz:webdriverClick: true, pageLoadStrategy: normal, platform: WINDOWS, platformName: WINDOWS, platformVersion: 10.0, rotatable: false, setWindowRect: true, strictFileInteractability: false, timeouts: {implicit: 0, pageLoad: 300000, script: 30000}, unhandledPromptBehavior: dismiss and notify}
Session ID: 267a27ec-7f93-4446-a3ab-aac19065d6b0
	at org.openqa.selenium.remote.http.W3CHttpResponseCodec.createException(W3CHttpResponseCodec.java:187)
	at org.openqa.selenium.remote.http.W3CHttpResponseCodec.decode(W3CHttpResponseCodec.java:122)
	at org.openqa.selenium.remote.http.W3CHttpResponseCodec.decode(W3CHttpResponseCodec.java:49)
	at org.openqa.selenium.remote.HttpCommandExecutor.execute(HttpCommandExecutor.java:158)
	at org.openqa.selenium.remote.service.DriverCommandExecutor.execute(DriverCommandExecutor.java:83)
	at org.openqa.selenium.remote.RemoteWebDriver.execute(RemoteWebDriver.java:543)
	at org.openqa.selenium.remote.RemoteWebDriver.execute(RemoteWebDriver.java:600)
	at org.openqa.selenium.remote.RemoteWebDriver.getTitle(RemoteWebDriver.java:275)
	at com.test.MiniBA.ExecutionSet_1.D_Subscription(ExecutionSet_1.java:545)
... Removed 29 stack frames]]>
    </failure>
  </testcase> <!-- D_Subscription -->
</testsuite> <!-- FirefoxTest -->
