<?xml version="1.0" encoding="UTF-8"?>
<!-- Generated by org.testng.reporters.JUnitXMLReporter -->
<testsuite hostname="W2707941HFG8X" ignored="0" name="PortalLLS" tests="5" failures="5" timestamp="11 Dec 2019 05:56:11 GMT" time="1.011" errors="0">
  <testcase name="CA_postEnrollment" time="0.0" classname="com.test.MiniBA.LifeLockServices">
    <failure type="java.lang.NullPointerException">
      <![CDATA[java.lang.NullPointerException
	at com.test.MiniBA.LifeLockServices.CA_postEnrollment(LifeLockServices.java:605)
... Removed 25 stack frames]]>
    </failure>
  </testcase> <!-- CA_postEnrollment -->
  <testcase name="BH_Download" time="0.0" classname="com.test.MiniBA.LifeLockServices">
    <failure type="java.lang.AssertionError" message="java.lang.NullPointerException">
      <![CDATA[java.lang.AssertionError: java.lang.NullPointerException
	at com.test.MiniBA.LifeLockServices.BH_Download(LifeLockServices.java:684)
... Removed 26 stack frames]]>
    </failure>
  </testcase> <!-- BH_Download -->
  <testcase name="CB_ID_Theft_Dashboard" time="1.003" classname="com.test.MiniBA.LifeLockServices">
    <failure type="java.lang.NullPointerException">
      <![CDATA[java.lang.NullPointerException
	at com.assertthat.selenium_shutterbug.utils.web.Browser.executeJsScript(Browser.java:266)
	at com.assertthat.selenium_shutterbug.utils.web.Browser.<init>(Browser.java:66)
	at com.assertthat.selenium_shutterbug.core.Shutterbug.shootPage(Shutterbug.java:101)
	at com.test.MiniBA.LifeLockServices.screenshot(LifeLockServices.java:1043)
	at com.test.MiniBA.LifeLockServices.CB_ID_Theft_Dashboard(LifeLockServices.java:737)
... Removed 25 stack frames]]>
    </failure>
  </testcase> <!-- CB_ID_Theft_Dashboard -->
  <testcase name="CC_CreditTile" time="0.0" classname="com.test.MiniBA.LifeLockServices">
    <failure type="java.lang.NullPointerException">
      <![CDATA[java.lang.NullPointerException
	at com.test.MiniBA.LifeLockServices.CC_CreditTile(LifeLockServices.java:757)
... Removed 25 stack frames]]>
    </failure>
  </testcase> <!-- CC_CreditTile -->
  <testcase name="F_SignOut" time="0.002" classname="com.test.MiniBA.LifeLockServices">
    <failure type="java.lang.AssertionError" message="null">
      <![CDATA[java.lang.AssertionError: null
	at com.test.MiniBA.LifeLockServices.F_SignOut(LifeLockServices.java:974)
... Removed 27 stack frames]]>
    </failure>
  </testcase> <!-- F_SignOut -->
</testsuite> <!-- PortalLLS -->
