<?xml version="1.0" encoding="UTF-8"?>
<!-- Generated by org.testng.reporters.JUnitXMLReporter -->
<testsuite ignored="12" hostname="WA-D1HXVL3" failures="0" tests="2" name="Portal_Sanity" time="43.076" errors="0" timestamp="02 Feb 2023 11:38:00 GMT">
  <testcase classname="com.test.MiniBA.SanityCheck" name="@AfterTest closeBrowser" time="0.149">
    <failure type="java.nio.file.NoSuchFileException" message="D:\Rajaprabu\eclipse-workspace\MiniBA\screenshots">
      <![CDATA[java.nio.file.NoSuchFileException: D:\Rajaprabu\eclipse-workspace\MiniBA\screenshots
	at java.base/sun.nio.fs.WindowsException.translateToIOException(WindowsException.java:85)
	at java.base/sun.nio.fs.WindowsException.rethrowAsIOException(WindowsException.java:103)
	at java.base/sun.nio.fs.WindowsException.rethrowAsIOException(WindowsException.java:108)
	at java.base/sun.nio.fs.WindowsFileCopy.copy(WindowsFileCopy.java:99)
	at java.base/sun.nio.fs.WindowsFileSystemProvider.copy(WindowsFileSystemProvider.java:284)
	at java.base/java.nio.file.Files.copy(Files.java:1304)
	at com.test.configurations.DirectoryCopyExample.copyFolder(DirectoryCopyExample.java:57)
	at com.test.configurations.DirectoryCopyExample.copyScreenshots(DirectoryCopyExample.java:23)
	at com.test.MiniBA.SanityCheck.closeBrowser(SanityCheck.java:928)
	at com.test.MiniBA.MainClass.main(MainClass.java:16)
... Removed 18 stack frames]]>
    </failure>
  </testcase> <!-- @AfterTest closeBrowser -->
  <testcase classname="com.test.MiniBA.SanityCheck" name="A_SignUpSignIn" time="33.839"/>
  <testcase classname="com.test.MiniBA.SanityCheck" name="BA_DashBoard_Tiles" time="7.693"/>
  <testcase classname="com.test.MiniBA.SanityCheck" name="BE_Cloud_bakup" time="0.0">
    <ignored/>
  </testcase> <!-- BE_Cloud_bakup -->
  <testcase classname="com.test.MiniBA.SanityCheck" name="BC_DashBoard_3PTiles" time="0.0">
    <ignored/>
  </testcase> <!-- BC_DashBoard_3PTiles -->
  <testcase classname="com.test.MiniBA.SanityCheck" name="BB_DashBoard_Alerts" time="0.0">
    <ignored/>
  </testcase> <!-- BB_DashBoard_Alerts -->
  <testcase classname="com.test.MiniBA.SanityCheck" name="D_Subscription" time="0.0">
    <ignored/>
  </testcase> <!-- D_Subscription -->
  <testcase classname="com.test.MiniBA.SanityCheck" name="BG_Password_Manager" time="0.0">
    <ignored/>
  </testcase> <!-- BG_Password_Manager -->
  <testcase classname="com.test.MiniBA.SanityCheck" name="F_SignOut" time="0.0">
    <ignored/>
  </testcase> <!-- F_SignOut -->
  <testcase classname="com.test.MiniBA.SanityCheck" name="DWM" time="0.0">
    <ignored/>
  </testcase> <!-- DWM -->
  <testcase classname="com.test.MiniBA.SanityCheck" name="BF_Secure_Vpn" time="0.0">
    <ignored/>
  </testcase> <!-- BF_Secure_Vpn -->
  <testcase classname="com.test.MiniBA.SanityCheck" name="BI_NOF" time="0.0">
    <ignored/>
  </testcase> <!-- BI_NOF -->
  <testcase classname="com.test.MiniBA.SanityCheck" name="BH_Download" time="0.0">
    <ignored/>
  </testcase> <!-- BH_Download -->
  <testcase classname="com.test.MiniBA.SanityCheck" name="E_Support" time="0.0">
    <ignored/>
  </testcase> <!-- E_Support -->
  <testcase classname="com.test.MiniBA.SanityCheck" name="BD_Device_Security" time="0.0">
    <ignored/>
  </testcase> <!-- BD_Device_Security -->
</testsuite> <!-- Portal_Sanity -->
